count = 4227
1
1 & 4.89835 & 20705.3\\
\hline
1
2 & 4.04639 & 17100\\
\hline
1
3 & 3.21412 & 13586.1\\
\hline
1
4 & 2.59235 & 10950.1\\
\hline
1
5 & 2.1593 & 9123.04\\
\hline
1
6 & 1.84589 & 7797.04\\
\hline
1
7 & 1.61017 & 6796.52\\
\hline
1
8 & 1.42867 & 6034.69\\
\hline
1
9 & 1.28376 & 5418.73\\
\hline
1
10 & 1.16456 & 4914.44\\
\hline
1
11 & 1.06514 & 4499.15\\
\hline
1
12 & 0.981188 & 4144.54\\
\hline
1
13 & 0.909389 & 3842.17\\
\hline
1
14 & 0.847558 & 3571.61\\
\hline
1
15 & 0.793433 & 3344.32\\
\hline
1
16 & 0.745523 & 3149.09\\
\hline
1
17 & 0.703048 & 2964.05\\
\hline
1
18 & 0.664986 & 2800.92\\
\hline
1
19 & 0.630806 & 2660.74\\
\hline
1
20 & 0.599846 & 2531.35\\
\hline
1
21 & 0.571675 & 2413.04\\
\hline
1
22 & 0.546015 & 2306.37\\
\hline
1
23 & 0.522516 & 2199.27\\
\hline
1
24 & 0.500955 & 2116.04\\
\hline
1
25 & 0.481037 & 2032.38\\
\hline
1
26 & 0.462632 & 1948.6\\
\hline
1
27 & 0.445537 & 1876.6\\
\hline
1
28 & 0.429664 & 1804.59\\
\hline
1
29 & 0.414869 & 1744.52\\
\hline
1
30 & 0.40106 & 1684.45\\
\hline
1
31 & 0.388142 & 1636.41\\
\hline
1
32 & 0.376032 & 1588.36\\
\hline
1
33 & 0.364656 & 1540.31\\
\hline
1
34 & 0.353934 & 1492.19\\
\hline
1
35 & 0.343812 & 1444.01\\
\hline
1
36 & 0.334252 & 1407.87\\
\hline
1
37 & 0.325209 & 1371.73\\
\hline
1
38 & 0.316642 & 1335.6\\
\hline
1
39 & 0.308514 & 1299.46\\
\hline
1
40 & 0.300793 & 1263.33\\
\hline
1
41 & 0.293448 & 1239.23\\
\hline
1
42 & 0.286453 & 1203.1\\
\hline
1
43 & 0.279783 & 1179.01\\
\hline
1
44 & 0.273416 & 1154.91\\
\hline
1
45 & 0.267333 & 1118.79\\
\hline
1
46 & 0.261514 & 1094.7\\
\hline
1
47 & 0.255942 & 1070.61\\
\hline
1
48 & 0.250603 & 1058.55\\
\hline
1
49 & 0.245482 & 1034.46\\
\hline
1
50 & 0.240565 & 1010.37\\
\hline
1
51 & 0.235841 & 986.288\\
\hline
1
52 & 0.231299 & 974.232\\
\hline
1
53 & 0.226929 & 950.15\\
\hline
1
54 & 0.22272 & 938.096\\
\hline
1
55 & 0.218664 & 914.016\\
\hline
1
56 & 0.214753 & 901.963\\
\hline
1
57 & 0.21098 & 889.912\\
\hline
1
58 & 0.207336 & 865.835\\
\hline
1
59 & 0.203816 & 853.785\\
\hline
1
60 & 0.200413 & 841.736\\
\hline
1
61 & 0.197122 & 829.687\\
\hline
1
62 & 0.193937 & 817.639\\
\hline
1
63 & 0.190853 & 805.592\\
\hline
1
64 & 0.187866 & 793.545\\
\hline
1
65 & 0.18497 & 781.499\\
\hline
1
66 & 0.182162 & 769.454\\
\hline
1
67 & 0.179438 & 757.409\\
\hline
1
68 & 0.176794 & 745.365\\
\hline
1
69 & 0.174227 & 733.322\\
\hline
1
70 & 0.171733 & 721.28\\
\hline
1
71 & 0.16931 & 709.238\\
\hline
1
72 & 0.166953 & 697.197\\
\hline
1
73 & 0.164661 & 685.156\\
\hline
1
74 & 0.162432 & 685.136\\
\hline
1
75 & 0.160261 & 673.097\\
\hline
1
76 & 0.158148 & 661.058\\
\hline
1
77 & 0.15609 & 649.02\\
\hline
1
78 & 0.154084 & 649.002\\
\hline
1
79 & 0.152129 & 636.965\\
\hline
1
80 & 0.150223 & 624.928\\
\hline
1
81 & 0.148364 & 624.91\\
\hline
1
82 & 0.146551 & 612.875\\
\hline
1
83 & 0.144781 & 600.84\\
\hline
1
84 & 0.143053 & 600.823\\
\hline
1
85 & 0.141366 & 588.789\\
\hline
1
86 & 0.139718 & 588.772\\
\hline
1
87 & 0.138108 & 576.74\\
\hline
1
88 & 0.136535 & 576.723\\
\hline
1
89 & 0.134997 & 564.692\\
\hline
1
90 & 0.133493 & 552.661\\
\hline
1
91 & 0.132022 & 552.645\\
\hline
1
92 & 0.130583 & 540.615\\
\hline
1
93 & 0.129176 & 540.6\\
\hline
1
94 & 0.127798 & 528.571\\
\hline
1
95 & 0.126449 & 528.555\\
\hline
1
96 & 0.125128 & 528.54\\
\hline
1
97 & 0.123834 & 516.513\\
\hline
1
98 & 0.122567 & 516.498\\
\hline
1
99 & 0.121326 & 504.472\\
\hline
1
100 & 0.120109 & 504.457\\
\hline
1
101 & 0.118916 & 492.432\\
\hline
1
102 & 0.117747 & 492.417\\
\hline
1
103 & 0.1166 & 492.403\\
\hline
1
104 & 0.115476 & 480.379\\
\hline
1
105 & 0.114373 & 480.365\\
\hline
1
106 & 0.11329 & 468.342\\
\hline
1
107 & 0.112228 & 468.329\\
\hline
1
108 & 0.111186 & 468.315\\
\hline
1
109 & 0.110163 & 456.294\\
\hline
1
110 & 0.109158 & 456.28\\
\hline
1
111 & 0.108171 & 456.267\\
\hline
1
112 & 0.107202 & 444.247\\
\hline
1
113 & 0.106251 & 444.234\\
\hline
1
114 & 0.105316 & 444.221\\
\hline
1
115 & 0.104397 & 432.202\\
\hline
1
116 & 0.103494 & 432.19\\
\hline
1
117 & 0.102606 & 432.177\\
\hline
1
118 & 0.101734 & 420.16\\
\hline
1
119 & 0.100876 & 420.148\\
\hline
1
120 & 0.100032 & 420.135\\
\hline
1
121 & 0.0992026 & 408.12\\
\hline
1
122 & 0.0983866 & 408.108\\
\hline
1
123 & 0.0975839 & 408.096\\
\hline
1
124 & 0.0967941 & 408.084\\
\hline
1
125 & 0.0960169 & 396.07\\
\hline
1
126 & 0.0952521 & 396.058\\
\hline
1
127 & 0.0944993 & 396.046\\
\hline
1
128 & 0.0937583 & 396.035\\
\hline
1
129 & 0.0930287 & 384.023\\
\hline
1
130 & 0.0923104 & 384.011\\
\hline
1
131 & 0.0916031 & 384\\
\hline
1
132 & 0.0909064 & 383.989\\
\hline
1
133 & 0.0902203 & 371.978\\
\hline
1
134 & 0.0895444 & 371.967\\
\hline
1
135 & 0.0888784 & 371.956\\
\hline
1
136 & 0.0882223 & 371.945\\
\hline
1
137 & 0.0875758 & 359.937\\
\hline
1
138 & 0.0869386 & 359.926\\
\hline
1
139 & 0.0863106 & 359.915\\
\hline
1
140 & 0.0856916 & 359.905\\
\hline
1
141 & 0.0850814 & 347.898\\
\hline
1
142 & 0.0844797 & 347.887\\
\hline
1
143 & 0.0838865 & 347.877\\
\hline
1
144 & 0.0833015 & 347.867\\
\hline
1
145 & 0.0827246 & 347.857\\
\hline
1
146 & 0.0821555 & 335.852\\
\hline
1
147 & 0.0815942 & 335.842\\
\hline
1
148 & 0.0810405 & 335.832\\
\hline
1
149 & 0.0804943 & 335.822\\
\hline
1
150 & 0.0799553 & 335.812\\
\hline
1
151 & 0.0794234 & 323.809\\
\hline
1
152 & 0.0788986 & 323.8\\
\hline
1
153 & 0.0783806 & 323.79\\
\hline
1
154 & 0.0778693 & 323.781\\
\hline
1
155 & 0.0773647 & 323.771\\
\hline
1
156 & 0.0768665 & 323.762\\
\hline
1
157 & 0.0763746 & 311.761\\
\hline
1
158 & 0.075889 & 311.752\\
\hline
1
159 & 0.0754095 & 311.743\\
\hline
1
160 & 0.0749359 & 311.733\\
\hline
1
161 & 0.0744683 & 311.724\\
\hline
1
162 & 0.0740064 & 311.715\\
\hline
1
163 & 0.0735502 & 299.717\\
\hline
1
164 & 0.0730996 & 299.708\\
\hline
1
165 & 0.0726544 & 299.699\\
\hline
1
166 & 0.0722146 & 299.69\\
\hline
1
167 & 0.07178 & 299.682\\
\hline
1
168 & 0.0713506 & 299.673\\
\hline
1
169 & 0.0709263 & 299.664\\
\hline
1
170 & 0.070507 & 287.669\\
\hline
1
171 & 0.0700926 & 287.66\\
\hline
1
172 & 0.0696831 & 287.652\\
\hline
1
173 & 0.0692782 & 287.643\\
\hline
1
174 & 0.068878 & 287.635\\
\hline
1
175 & 0.0684824 & 287.626\\
\hline
1
176 & 0.0680913 & 287.617\\
\hline
1
177 & 0.0677046 & 275.625\\
\hline
1
178 & 0.0673222 & 275.617\\
\hline
1
179 & 0.0669441 & 275.609\\
\hline
1
180 & 0.0665702 & 275.601\\
\hline
1
181 & 0.0662004 & 275.592\\
\hline
1
182 & 0.0658347 & 275.584\\
\hline
1
183 & 0.065473 & 275.576\\
\hline
1
184 & 0.0651153 & 263.587\\
\hline
1
185 & 0.0647614 & 263.579\\
\hline
1
186 & 0.0644113 & 263.571\\
\hline
1
187 & 0.0640649 & 263.563\\
\hline
1
188 & 0.0637222 & 263.555\\
\hline
1
189 & 0.0633832 & 263.547\\
\hline
1
190 & 0.0630477 & 263.539\\
\hline
1
191 & 0.0627158 & 263.532\\
\hline
1
192 & 0.0623873 & 263.524\\
\hline
1
193 & 0.0620622 & 251.538\\
\hline
1
194 & 0.0617404 & 251.53\\
\hline
1
195 & 0.0614219 & 251.523\\
\hline
1
196 & 0.0611067 & 251.515\\
\hline
1
197 & 0.0607947 & 251.508\\
\hline
1
198 & 0.0604859 & 251.5\\
\hline
1
199 & 0.0601801 & 251.493\\
\hline
1
200 & 0.0598774 & 251.485\\
\hline
